SF:lib/src/modules/characters/characters.dart
DA:4,1
DA:13,1
DA:14,2
DA:17,1
DA:18,1
DA:19,1
DA:20,1
DA:21,1
DA:22,1
DA:23,1
DA:24,1
DA:35,3
DA:37,1
DA:38,1
DA:39,1
DA:40,1
DA:41,1
DA:42,1
DA:43,1
DA:44,1
DA:48,1
DA:56,1
DA:57,1
DA:58,1
DA:59,1
DA:60,1
DA:61,1
DA:62,1
DA:66,1
DA:70,1
DA:71,3
DA:72,3
DA:73,3
DA:74,3
DA:75,3
DA:76,3
DA:79,1
DA:81,3
DA:82,3
DA:83,3
DA:84,3
DA:85,3
DA:86,2
LF:43
LH:43
end_of_record
SF:lib/src/storage/hydrated_storage.dart
DA:28,1
DA:33,1
DA:35,3
DA:40,3
DA:43,1
DA:46,3
DA:48,1
DA:51,2
DA:52,3
DA:54,3
DA:55,3
DA:56,2
DA:59,1
DA:63,1
DA:64,3
DA:65,2
DA:67,3
DA:68,1
DA:69,2
DA:71,1
DA:72,1
DA:73,2
DA:77,2
DA:81,1
DA:82,4
DA:85,1
DA:86,2
DA:87,5
DA:92,1
DA:93,2
DA:94,5
DA:99,1
DA:100,2
DA:102,4
LF:34
LH:34
end_of_record
SF:lib/src/storage/hydrated_notifier.dart
DA:10,2
DA:11,1
DA:17,1
DA:21,1
DA:32,1
DA:35,1
DA:36,4
DA:39,1
DA:40,1
DA:42,2
DA:44,5
DA:47,0
DA:51,1
DA:53,1
DA:54,2
DA:56,2
DA:58,2
DA:61,2
DA:63,1
DA:64,2
DA:65,1
DA:69,1
DA:71,1
DA:73,1
DA:75,5
DA:78,0
DA:80,1
DA:81,1
DA:87,4
DA:99,1
DA:105,3
DA:107,1
LF:32
LH:30
end_of_record
