SF:lib/src/modules/characters/logic/models/attributes.dart
DA:4,2
DA:8,5
DA:10,3
DA:11,3
DA:13,1
DA:17,4
DA:20,1
DA:21,2
DA:25,3
DA:27,1
DA:30,2
DA:31,4
DA:35,3
DA:37,2
DA:38,4
DA:42,3
DA:44,2
DA:45,4
DA:49,3
DA:51,2
DA:52,4
LF:21
LH:21
end_of_record
SF:lib/src/modules/characters/logic/models/character.dart
DA:6,1
DA:12,1
DA:20,1
DA:21,1
DA:22,1
DA:23,1
DA:24,2
DA:33,6
DA:35,1
DA:43,1
DA:44,1
DA:45,1
DA:46,2
DA:47,2
DA:48,2
DA:49,2
DA:53,1
DA:55,7
DA:58,1
DA:62,1
DA:63,3
DA:64,3
DA:65,3
DA:66,3
DA:67,3
DA:68,3
DA:71,1
DA:73,3
DA:74,3
DA:75,3
DA:76,3
DA:77,3
DA:78,2
DA:83,1
DA:84,1
DA:85,1
DA:86,1
DA:87,2
DA:88,2
DA:89,2
DA:90,2
DA:94,1
DA:95,1
DA:96,1
DA:97,1
DA:98,1
DA:99,1
DA:100,1
DA:101,1
LF:49
LH:49
end_of_record
SF:lib/src/modules/characters/logic/providers.dart
DA:4,0
DA:9,0
LF:2
LH:0
end_of_record
SF:lib/src/modules/characters/logic/controllers/character.dart
DA:5,0
DA:7,0
DA:8,0
DA:11,0
DA:12,0
DA:13,0
DA:16,0
DA:17,0
DA:18,0
DA:19,0
DA:20,0
DA:21,0
DA:27,0
DA:32,0
DA:34,0
DA:36,0
LF:16
LH:0
end_of_record
SF:lib/src/modules/characters/logic/controllers/characters_list.dart
DA:5,0
LF:1
LH:0
end_of_record
SF:lib/src/modules/characters/layout/[id]/index.dart
DA:6,0
DA:9,0
DA:13,0
DA:14,0
DA:15,0
DA:19,0
DA:21,0
DA:23,0
DA:24,0
DA:26,0
DA:27,0
DA:28,0
DA:29,0
DA:30,0
DA:31,0
DA:32,0
DA:33,0
DA:35,0
DA:37,0
DA:38,0
DA:39,0
DA:40,0
LF:22
LH:0
end_of_record
SF:lib/src/storage/hydrated_storage.dart
DA:28,1
DA:33,1
DA:35,3
DA:40,3
DA:43,1
DA:46,3
DA:48,1
DA:51,2
DA:52,3
DA:54,3
DA:55,3
DA:56,2
DA:59,1
DA:63,1
DA:64,3
DA:65,2
DA:67,3
DA:68,1
DA:69,2
DA:71,1
DA:72,1
DA:73,2
DA:77,2
DA:81,1
DA:82,4
DA:85,1
DA:86,2
DA:87,5
DA:92,1
DA:93,2
DA:94,5
DA:99,1
DA:100,2
DA:102,4
LF:34
LH:34
end_of_record
SF:lib/src/storage/hydrated_notifier.dart
DA:10,2
DA:11,1
DA:17,1
DA:21,1
DA:32,1
DA:35,1
DA:36,4
DA:39,1
DA:40,1
DA:42,2
DA:44,5
DA:47,0
DA:51,1
DA:53,1
DA:54,2
DA:56,2
DA:58,2
DA:61,2
DA:63,1
DA:64,2
DA:65,1
DA:69,1
DA:71,1
DA:73,1
DA:75,5
DA:78,0
DA:80,1
DA:81,1
DA:87,4
DA:99,1
DA:105,3
DA:107,1
LF:32
LH:30
end_of_record
SF:lib/src/modules/characters/logic/extension.dart
DA:2,3
LF:1
LH:1
end_of_record
